<?xml version="1.0" encoding="UTF-8"?>
<coverage generated="1703231371426" clover="3.2.0">
  <project timestamp="1703231371426" name="All files">
    <metrics statements="8" coveredstatements="6" conditionals="2" coveredconditionals="0" methods="5" coveredmethods="3" elements="15" coveredelements="9" complexity="0" loc="8" ncloc="8" packages="1" files="3" classes="3"/>
    <file name="cloneArray.js" path="G:\Programming\reactLearning\reactLearning\react-testing\js-testing\cloneArray.js">
      <metrics statements="2" coveredstatements="2" conditionals="0" coveredconditionals="0" methods="1" coveredmethods="1"/>
      <line num="2" count="2" type="stmt"/>
      <line num="5" count="1" type="stmt"/>
    </file>
    <file name="subtract.js" path="G:\Programming\reactLearning\reactLearning\react-testing\js-testing\subtract.js">
      <metrics statements="2" coveredstatements="2" conditionals="0" coveredconditionals="0" methods="1" coveredmethods="1"/>
      <line num="2" count="2" type="stmt"/>
      <line num="5" count="1" type="stmt"/>
    </file>
    <file name="sum.js" path="G:\Programming\reactLearning\reactLearning\react-testing\js-testing\sum.js">
      <metrics statements="4" coveredstatements="2" conditionals="2" coveredconditionals="0" methods="3" coveredmethods="1"/>
      <line num="2" count="2" type="stmt"/>
      <line num="5" count="0" type="stmt"/>
      <line num="8" count="1" type="stmt"/>
      <line num="15" count="0" type="cond" truecount="0" falsecount="2"/>
    </file>
  </project>
</coverage>
