{"G:\\Programming\\reactLearning\\reactLearning\\react-testing\\js-testing\\cloneArray.js": {"path":"G:\\Programming\\reactLearning\\reactLearning\\react-testing\\js-testing\\cloneArray.js","statementMap":{"0":{"start":{"line":2,"column":4},"end":{"line":2,"column":21}},"1":{"start":{"line":5,"column":0},"end":{"line":5,"column":28}}},"fnMap":{"0":{"name":"CloneArray","decl":{"start":{"line":1,"column":9},"end":{"line":1,"column":19}},"loc":{"start":{"line":1,"column":27},"end":{"line":3,"column":1}},"line":1}},"branchMap":{},"s":{"0":2,"1":1},"f":{"0":2},"b":{},"_coverageSchema":"1a1c01bbd47fc00a2c39e90264f33305004495a9","hash":"5f9d86c0d1b73c78afcf29c158b9072f56f317d3"}
,"G:\\Programming\\reactLearning\\reactLearning\\react-testing\\js-testing\\subtract.js": {"path":"G:\\Programming\\reactLearning\\reactLearning\\react-testing\\js-testing\\subtract.js","statementMap":{"0":{"start":{"line":2,"column":4},"end":{"line":2,"column":17}},"1":{"start":{"line":5,"column":0},"end":{"line":5,"column":26}}},"fnMap":{"0":{"name":"Subtract","decl":{"start":{"line":1,"column":9},"end":{"line":1,"column":17}},"loc":{"start":{"line":1,"column":24},"end":{"line":3,"column":1}},"line":1}},"branchMap":{},"s":{"0":2,"1":1},"f":{"0":2},"b":{},"_coverageSchema":"1a1c01bbd47fc00a2c39e90264f33305004495a9","hash":"ad06c8ada96339fb6fe24ba79a19424b5a595a99"}
,"G:\\Programming\\reactLearning\\reactLearning\\react-testing\\js-testing\\sum.js": {"path":"G:\\Programming\\reactLearning\\reactLearning\\react-testing\\js-testing\\sum.js","statementMap":{"0":{"start":{"line":2,"column":4},"end":{"line":2,"column":17}},"1":{"start":{"line":5,"column":24},"end":{"line":5,"column":80}},"2":{"start":{"line":8,"column":0},"end":{"line":8,"column":21}},"3":{"start":{"line":15,"column":85},"end":{"line":15,"column":37646}},"4":{"start":{"line":15,"column":89},"end":{"line":15,"column":37635}}},"fnMap":{"0":{"name":"Sum","decl":{"start":{"line":1,"column":9},"end":{"line":1,"column":12}},"loc":{"start":{"line":1,"column":19},"end":{"line":3,"column":1}},"line":1},"1":{"name":"helper","decl":{"start":{"line":4,"column":9},"end":{"line":4,"column":15}},"loc":{"start":{"line":4,"column":17},"end":{"line":6,"column":1}},"line":4},"2":{"name":"oo_cm","decl":{"start":{"line":15,"column":77},"end":{"line":15,"column":82}},"loc":{"start":{"line":15,"column":84},"end":{"line":15,"column":37647}},"line":15}},"branchMap":{"0":{"loc":{"start":{"line":15,"column":96},"end":{"line":15,"column":37634}},"type":"binary-expr","locations":[{"start":{"line":15,"column":96},"end":{"line":15,"column":133}},{"start":{"line":15,"column":137},"end":{"line":15,"column":37634}}],"line":15}},"s":{"0":2,"1":0,"2":1,"3":0,"4":0},"f":{"0":2,"1":0,"2":0},"b":{"0":[0,0]},"_coverageSchema":"1a1c01bbd47fc00a2c39e90264f33305004495a9","hash":"09b694cd859692dc8976fe98e2bec0bb2999c36e"}
}
